<?xml version="1.0" encoding="UTF-8"?>
<testsuite name="com.laplat.admin.web.domain.projects.ProjectsRepositoryTest" tests="1" skipped="0" failures="0" errors="0" timestamp="2021-11-05T14:58:00" hostname="choehyeonjin-ui-MacBookAir.local" time="0.234">
  <properties/>
  <testcase name="registerBaseTimeEntity" classname="com.laplat.admin.web.domain.projects.ProjectsRepositoryTest" time="0.234"/>
  <system-out><![CDATA[23:57:58.505 [Test worker] DEBUG org.springframework.test.context.junit4.SpringJUnit4ClassRunner - SpringJUnit4ClassRunner constructor called with [class com.laplat.admin.web.domain.projects.ProjectsRepositoryTest]
23:57:58.509 [Test worker] DEBUG org.springframework.test.context.BootstrapUtils - Instantiating CacheAwareContextLoaderDelegate from class [org.springframework.test.context.cache.DefaultCacheAwareContextLoaderDelegate]
23:57:58.512 [Test worker] DEBUG org.springframework.test.context.BootstrapUtils - Instantiating BootstrapContext using constructor [public org.springframework.test.context.support.DefaultBootstrapContext(java.lang.Class,org.springframework.test.context.CacheAwareContextLoaderDelegate)]
23:57:58.521 [Test worker] DEBUG org.springframework.test.context.BootstrapUtils - Instantiating TestContextBootstrapper for test class [com.laplat.admin.web.domain.projects.ProjectsRepositoryTest] from class [org.springframework.boot.test.context.SpringBootTestContextBootstrapper]
23:57:58.530 [Test worker] INFO org.springframework.boot.test.context.SpringBootTestContextBootstrapper - Neither @ContextConfiguration nor @ContextHierarchy found for test class [com.laplat.admin.web.domain.projects.ProjectsRepositoryTest], using SpringBootContextLoader
23:57:58.531 [Test worker] DEBUG org.springframework.test.context.support.AbstractContextLoader - Did not detect default resource location for test class [com.laplat.admin.web.domain.projects.ProjectsRepositoryTest]: class path resource [com/laplat/admin/web/domain/projects/ProjectsRepositoryTest-context.xml] does not exist
23:57:58.531 [Test worker] DEBUG org.springframework.test.context.support.AbstractContextLoader - Did not detect default resource location for test class [com.laplat.admin.web.domain.projects.ProjectsRepositoryTest]: class path resource [com/laplat/admin/web/domain/projects/ProjectsRepositoryTestContext.groovy] does not exist
23:57:58.531 [Test worker] INFO org.springframework.test.context.support.AbstractContextLoader - Could not detect default resource locations for test class [com.laplat.admin.web.domain.projects.ProjectsRepositoryTest]: no resource found for suffixes {-context.xml, Context.groovy}.
23:57:58.532 [Test worker] INFO org.springframework.test.context.support.AnnotationConfigContextLoaderUtils - Could not detect default configuration classes for test class [com.laplat.admin.web.domain.projects.ProjectsRepositoryTest]: ProjectsRepositoryTest does not declare any static, non-private, non-final, nested classes annotated with @Configuration.
23:57:58.549 [Test worker] DEBUG org.springframework.test.context.support.ActiveProfilesUtils - Could not find an 'annotation declaring class' for annotation type [org.springframework.test.context.ActiveProfiles] and class [com.laplat.admin.web.domain.projects.ProjectsRepositoryTest]
23:57:58.593 [Test worker] DEBUG org.springframework.context.annotation.ClassPathScanningCandidateComponentProvider - Identified candidate component class: file [/Users/hyeonjin/workspace/ideaProcjets/LaPlat-Beta/build/classes/java/main/com/laplat/admin/Application.class]
23:57:58.594 [Test worker] INFO org.springframework.boot.test.context.SpringBootTestContextBootstrapper - Found @SpringBootConfiguration com.laplat.admin.Application for test class com.laplat.admin.web.domain.projects.ProjectsRepositoryTest
23:57:58.635 [Test worker] DEBUG org.springframework.boot.test.context.SpringBootTestContextBootstrapper - @TestExecutionListeners is not present for class [com.laplat.admin.web.domain.projects.ProjectsRepositoryTest]: using defaults.
23:57:58.635 [Test worker] INFO org.springframework.boot.test.context.SpringBootTestContextBootstrapper - Loaded default TestExecutionListener class names from location [META-INF/spring.factories]: [org.springframework.boot.test.autoconfigure.restdocs.RestDocsTestExecutionListener, org.springframework.boot.test.autoconfigure.web.client.MockRestServiceServerResetTestExecutionListener, org.springframework.boot.test.autoconfigure.web.servlet.MockMvcPrintOnlyOnFailureTestExecutionListener, org.springframework.boot.test.autoconfigure.web.servlet.WebDriverTestExecutionListener, org.springframework.boot.test.mock.mockito.MockitoTestExecutionListener, org.springframework.boot.test.mock.mockito.ResetMocksTestExecutionListener, org.springframework.test.context.web.ServletTestExecutionListener, org.springframework.test.context.support.DirtiesContextBeforeModesTestExecutionListener, org.springframework.test.context.support.DependencyInjectionTestExecutionListener, org.springframework.test.context.support.DirtiesContextTestExecutionListener, org.springframework.test.context.transaction.TransactionalTestExecutionListener, org.springframework.test.context.jdbc.SqlScriptsTestExecutionListener]
23:57:58.642 [Test worker] INFO org.springframework.boot.test.context.SpringBootTestContextBootstrapper - Using TestExecutionListeners: [org.springframework.test.context.web.ServletTestExecutionListener@57773809, org.springframework.test.context.support.DirtiesContextBeforeModesTestExecutionListener@dfa1ee, org.springframework.boot.test.mock.mockito.MockitoTestExecutionListener@2de5eff2, org.springframework.boot.test.autoconfigure.SpringBootDependencyInjectionTestExecutionListener@17a628be, org.springframework.test.context.support.DirtiesContextTestExecutionListener@79ffed33, org.springframework.test.context.transaction.TransactionalTestExecutionListener@4d2f333, org.springframework.test.context.jdbc.SqlScriptsTestExecutionListener@6ca1624, org.springframework.boot.test.autoconfigure.restdocs.RestDocsTestExecutionListener@200f3d9b, org.springframework.boot.test.autoconfigure.web.client.MockRestServiceServerResetTestExecutionListener@269fcadc, org.springframework.boot.test.autoconfigure.web.servlet.MockMvcPrintOnlyOnFailureTestExecutionListener@3547fe57, org.springframework.boot.test.autoconfigure.web.servlet.WebDriverTestExecutionListener@63eab5ed, org.springframework.boot.test.mock.mockito.ResetMocksTestExecutionListener@3ad0afee]
23:57:58.644 [Test worker] DEBUG org.springframework.test.annotation.ProfileValueUtils - Retrieved @ProfileValueSourceConfiguration [null] for test class [com.laplat.admin.web.domain.projects.ProjectsRepositoryTest]
23:57:58.644 [Test worker] DEBUG org.springframework.test.annotation.ProfileValueUtils - Retrieved ProfileValueSource type [class org.springframework.test.annotation.SystemProfileValueSource] for class [com.laplat.admin.web.domain.projects.ProjectsRepositoryTest]
23:57:58.645 [Test worker] DEBUG org.springframework.test.annotation.ProfileValueUtils - Retrieved @ProfileValueSourceConfiguration [null] for test class [com.laplat.admin.web.domain.projects.ProjectsRepositoryTest]
23:57:58.645 [Test worker] DEBUG org.springframework.test.annotation.ProfileValueUtils - Retrieved ProfileValueSource type [class org.springframework.test.annotation.SystemProfileValueSource] for class [com.laplat.admin.web.domain.projects.ProjectsRepositoryTest]
23:57:58.646 [Test worker] DEBUG org.springframework.test.annotation.ProfileValueUtils - Retrieved @ProfileValueSourceConfiguration [null] for test class [com.laplat.admin.web.domain.projects.ProjectsRepositoryTest]
23:57:58.646 [Test worker] DEBUG org.springframework.test.annotation.ProfileValueUtils - Retrieved ProfileValueSource type [class org.springframework.test.annotation.SystemProfileValueSource] for class [com.laplat.admin.web.domain.projects.ProjectsRepositoryTest]
23:57:58.647 [Test worker] DEBUG org.springframework.test.context.support.AbstractDirtiesContextTestExecutionListener - Before test class: context [DefaultTestContext@698b9c4a testClass = ProjectsRepositoryTest, testInstance = [null], testMethod = [null], testException = [null], mergedContextConfiguration = [WebMergedContextConfiguration@3a1a4a12 testClass = ProjectsRepositoryTest, locations = '{}', classes = '{class com.laplat.admin.Application}', contextInitializerClasses = '[]', activeProfiles = '{}', propertySourceLocations = '{}', propertySourceProperties = '{org.springframework.boot.test.context.SpringBootTestContextBootstrapper=true}', contextCustomizers = set[org.springframework.boot.test.autoconfigure.properties.PropertyMappingContextCustomizer@0, org.springframework.boot.test.autoconfigure.web.servlet.WebDriverContextCustomizerFactory$Customizer@166f3fda, org.springframework.boot.test.context.filter.ExcludeFilterContextCustomizer@2a23d274, org.springframework.boot.test.json.DuplicateJsonObjectContextCustomizerFactory$DuplicateJsonObjectContextCustomizer@633560b3, org.springframework.boot.test.mock.mockito.MockitoContextCustomizer@0, org.springframework.boot.test.web.client.TestRestTemplateContextCustomizer@2458f9ca], resourceBasePath = 'src/main/webapp', contextLoader = 'org.springframework.boot.test.context.SpringBootContextLoader', parent = [null]], attributes = map['org.springframework.test.context.web.ServletTestExecutionListener.activateListener' -> true]], class annotated with @DirtiesContext [false] with mode [null].
23:57:58.647 [Test worker] DEBUG org.springframework.test.annotation.ProfileValueUtils - Retrieved @ProfileValueSourceConfiguration [null] for test class [com.laplat.admin.web.domain.projects.ProjectsRepositoryTest]
23:57:58.647 [Test worker] DEBUG org.springframework.test.annotation.ProfileValueUtils - Retrieved ProfileValueSource type [class org.springframework.test.annotation.SystemProfileValueSource] for class [com.laplat.admin.web.domain.projects.ProjectsRepositoryTest]
23:57:58.657 [Test worker] DEBUG org.springframework.test.context.support.TestPropertySourceUtils - Adding inlined properties to environment: {spring.jmx.enabled=false, org.springframework.boot.test.context.SpringBootTestContextBootstrapper=true, server.port=-1}

  .   ____          _            __ _ _
 /\\ / ___'_ __ _ _(_)_ __  __ _ \ \ \ \
( ( )\___ | '_ | '_| | '_ \/ _` | \ \ \ \
 \\/  ___)| |_)| | | | | || (_| |  ) ) ) )
  '  |____| .__|_| |_|_| |_\__, | / / / /
 =========|_|==============|___/=/_/_/_/
 :: Spring Boot ::        (v2.1.7.RELEASE)

2021-11-05 23:57:58.934  INFO 1221 --- [    Test worker] c.l.a.w.d.p.ProjectsRepositoryTest       : Starting ProjectsRepositoryTest on choehyeonjin-ui-MacBookAir.local with PID 1221 (started by hyeonjin in /Users/hyeonjin/workspace/ideaProcjets/LaPlat-Beta)
2021-11-05 23:57:58.935  INFO 1221 --- [    Test worker] c.l.a.w.d.p.ProjectsRepositoryTest       : No active profile set, falling back to default profiles: default
2021-11-05 23:57:59.275  INFO 1221 --- [    Test worker] .s.d.r.c.RepositoryConfigurationDelegate : Bootstrapping Spring Data repositories in DEFAULT mode.
2021-11-05 23:57:59.305  INFO 1221 --- [    Test worker] .s.d.r.c.RepositoryConfigurationDelegate : Finished Spring Data repository scanning in 26ms. Found 1 repository interfaces.
2021-11-05 23:57:59.497  INFO 1221 --- [    Test worker] trationDelegate$BeanPostProcessorChecker : Bean 'org.springframework.transaction.annotation.ProxyTransactionManagementConfiguration' of type [org.springframework.transaction.annotation.ProxyTransactionManagementConfiguration$$EnhancerBySpringCGLIB$$431dd11e] is not eligible for getting processed by all BeanPostProcessors (for example: not eligible for auto-proxying)
2021-11-05 23:57:59.593  INFO 1221 --- [    Test worker] com.zaxxer.hikari.HikariDataSource       : HikariPool-1 - Starting...
2021-11-05 23:57:59.706  INFO 1221 --- [    Test worker] com.zaxxer.hikari.HikariDataSource       : HikariPool-1 - Start completed.
2021-11-05 23:57:59.747  INFO 1221 --- [    Test worker] o.hibernate.jpa.internal.util.LogHelper  : HHH000204: Processing PersistenceUnitInfo [
	name: default
	...]
2021-11-05 23:57:59.778  INFO 1221 --- [    Test worker] org.hibernate.Version                    : HHH000412: Hibernate Core {5.3.10.Final}
2021-11-05 23:57:59.779  INFO 1221 --- [    Test worker] org.hibernate.cfg.Environment            : HHH000206: hibernate.properties not found
2021-11-05 23:57:59.855  INFO 1221 --- [    Test worker] o.hibernate.annotations.common.Version   : HCANN000001: Hibernate Commons Annotations {5.0.4.Final}
2021-11-05 23:57:59.930  INFO 1221 --- [    Test worker] org.hibernate.dialect.Dialect            : HHH000400: Using dialect: org.hibernate.dialect.MySQL57Dialect
Hibernate: drop table if exists projects
Hibernate: drop table if exists users
Hibernate: create table projects (id bigint not null auto_increment, created_date datetime(6), modified_date datetime(6), author varchar(255), description TEXT not null, name varchar(50) not null, status bit, primary key (id)) engine=InnoDB
Hibernate: create table users (user_id bigint not null, primary key (user_id)) engine=InnoDB
2021-11-05 23:58:00.276  INFO 1221 --- [    Test worker] o.h.t.schema.internal.SchemaCreatorImpl  : HHH000476: Executing import script 'org.hibernate.tool.schema.internal.exec.ScriptSourceInputNonExistentImpl@493bbee'
2021-11-05 23:58:00.277  INFO 1221 --- [    Test worker] j.LocalContainerEntityManagerFactoryBean : Initialized JPA EntityManagerFactory for persistence unit 'default'
2021-11-05 23:58:00.755  INFO 1221 --- [    Test worker] o.s.s.concurrent.ThreadPoolTaskExecutor  : Initializing ExecutorService 'applicationTaskExecutor'
2021-11-05 23:58:00.784  WARN 1221 --- [    Test worker] aWebConfiguration$JpaWebMvcConfiguration : spring.jpa.open-in-view is enabled by default. Therefore, database queries may be performed during view rendering. Explicitly configure spring.jpa.open-in-view to disable this warning
2021-11-05 23:58:00.967  INFO 1221 --- [    Test worker] c.l.a.w.d.p.ProjectsRepositoryTest       : Started ProjectsRepositoryTest in 2.304 seconds (JVM running for 2.735)
Hibernate: insert into projects (created_date, modified_date, author, description, name, status) values (?, ?, ?, ?, ?, ?)
2021-11-05 23:58:01.138  INFO 1221 --- [    Test worker] o.h.h.i.QueryTranslatorFactoryInitiator  : HHH000397: Using ASTQueryTranslatorFactory
Hibernate: select projects0_.id as id1_0_, projects0_.created_date as created_2_0_, projects0_.modified_date as modified3_0_, projects0_.author as author4_0_, projects0_.description as descript5_0_, projects0_.name as name6_0_, projects0_.status as status7_0_ from projects projects0_
>>>>>>>>>>> createDate=2021-11-05T23:58:01.096, modifiedDate=2021-11-05T23:58:01.096
Hibernate: select projects0_.id as id1_0_, projects0_.created_date as created_2_0_, projects0_.modified_date as modified3_0_, projects0_.author as author4_0_, projects0_.description as descript5_0_, projects0_.name as name6_0_, projects0_.status as status7_0_ from projects projects0_
Hibernate: delete from projects where id=?
]]></system-out>
  <system-err><![CDATA[]]></system-err>
</testsuite>
